<?xml version="1.0" encoding="UTF-8"?>
<!-- Generated by org.testng.reporters.JUnitReportReporter -->
<testsuite skipped="0" hostname="Tringapps-Admins-MacBook-Pro-2.local" name="nbc_testcases.TC009_Share_bar_is_visible_and_functions_Article" tests="1" failures="0" timestamp="13 Aug 2018 05:46:31 GMT" time="96.207" errors="0">
  <testcase name="NbcPage" time="96.207" classname="nbc_testcases.TC009_Share_bar_is_visible_and_functions_Article"/>
</testsuite> <!-- nbc_testcases.TC009_Share_bar_is_visible_and_functions_Article -->
