<?xml version="1.0" encoding="UTF-8"?>
<!-- Generated by org.testng.reporters.JUnitReportReporter -->
<testsuite skipped="0" hostname="Tringapps-Admins-MacBook-Pro-2.local" name="nbc_testcases.TC004_Right_rail_has_Spredfast" tests="1" failures="0" timestamp="13 Aug 2018 05:46:31 GMT" time="75.947" errors="0">
  <testcase name="NbcPage" time="75.947" classname="nbc_testcases.TC004_Right_rail_has_Spredfast"/>
</testsuite> <!-- nbc_testcases.TC004_Right_rail_has_Spredfast -->
