<?xml version="1.0" encoding="UTF-8"?>
<!-- Generated by org.testng.reporters.JUnitReportReporter -->
<testsuite skipped="0" hostname="Tringapps-Admins-MacBook-Pro-2.local" name="nbc_testcases.TC007_Connect_dropdown_appears" tests="1" failures="0" timestamp="13 Aug 2018 05:46:31 GMT" time="78.000" errors="0">
  <testcase name="NbcPage" time="78.000" classname="nbc_testcases.TC007_Connect_dropdown_appears"/>
</testsuite> <!-- nbc_testcases.TC007_Connect_dropdown_appears -->
