<?xml version="1.0" encoding="UTF-8"?>
<!-- Generated by org.testng.reporters.JUnitReportReporter -->
<testsuite skipped="1" hostname="Tringapps-Admins-MacBook-Pro-2.local" name="nbc_testcases.TC03_TVicon" tests="1" failures="0" timestamp="06 Aug 2018 06:53:54 GMT" time="57719.945" errors="0">
  <testcase name="NbcPage" time="57719.945" classname="nbc_testcases.TC03_TVicon">
    <skipped/>
  </testcase> <!-- NbcPage -->
</testsuite> <!-- nbc_testcases.TC03_TVicon -->
