<?xml version="1.0" encoding="UTF-8"?>
<!-- Generated by org.testng.reporters.JUnitReportReporter -->
<testsuite skipped="0" hostname="Tringapps-Admins-MacBook-Pro-2.local" name="nbc_testcases.TC027_Weather_Interactive_Radar_Loads_Plays" tests="2" failures="0" timestamp="28 Sep 2018 10:57:56 GMT" time="288.024" errors="0">
  <testcase name="NbcPage" time="165.613" classname="nbc_testcases.TC027_Weather_Interactive_Radar_Loads_Plays"/>
  <testcase name="NbcPage" time="122.411" classname="nbc_testcases.TC027_Weather_Interactive_Radar_Loads_Plays"/>
</testsuite> <!-- nbc_testcases.TC027_Weather_Interactive_Radar_Loads_Plays -->
