<?xml version="1.0" encoding="UTF-8"?>
<!-- Generated by org.testng.reporters.JUnitReportReporter -->
<testsuite skipped="0" hostname="Tringapps-Admins-MacBook-Pro-2.local" name="nbc_testcases.TC004_Right_rail_has_Spredfast" tests="2" failures="0" timestamp="20 Aug 2018 11:20:03 GMT" time="191.946" errors="0">
  <testcase name="NbcPage" time="104.700" classname="nbc_testcases.TC004_Right_rail_has_Spredfast"/>
  <testcase name="NbcPage" time="87.246" classname="nbc_testcases.TC004_Right_rail_has_Spredfast"/>
</testsuite> <!-- nbc_testcases.TC004_Right_rail_has_Spredfast -->
