<?xml version="1.0" encoding="UTF-8"?>
<!-- Generated by org.testng.reporters.JUnitReportReporter -->
<testsuite skipped="0" hostname="Tringapps-Admins-MacBook-Pro-2.local" name="nbc_testcases.TC030_Live_Video_playback_with_pre_roll" tests="2" failures="0" timestamp="20 Sep 2018 07:54:38 GMT" time="100.039" errors="0">
  <testcase name="NbcPage" time="52.613" classname="nbc_testcases.TC030_Live_Video_playback_with_pre_roll"/>
  <testcase name="NbcPage" time="47.426" classname="nbc_testcases.TC030_Live_Video_playback_with_pre_roll"/>
</testsuite> <!-- nbc_testcases.TC030_Live_Video_playback_with_pre_roll -->
