<?xml version="1.0" encoding="UTF-8"?>
<!-- Generated by org.testng.reporters.JUnitReportReporter -->
<testsuite skipped="0" hostname="Tringapps-Admins-MacBook-Pro-2.local" name="nbc_testcases.TC001_Logo_is_clickable" tests="1" failures="0" timestamp="23 Aug 2018 14:18:55 GMT" time="164.248" errors="0">
  <testcase name="NbcPage" time="164.248" classname="nbc_testcases.TC001_Logo_is_clickable"/>
</testsuite> <!-- nbc_testcases.TC001_Logo_is_clickable -->
