<?xml version="1.0" encoding="UTF-8"?>
<!-- Generated by org.testng.reporters.JUnitReportReporter -->
<testsuite skipped="0" hostname="Tringapps-Admins-MacBook-Pro-2.local" name="nbc_testcases.TC003_Weather_module_appears_on_HP_and_map_loads" tests="7" failures="0" timestamp="28 Aug 2018 09:11:22 GMT" time="955.036" errors="0">
  <testcase name="NbcPage" time="131.206" classname="nbc_testcases.TC003_Weather_module_appears_on_HP_and_map_loads"/>
  <testcase name="NbcPage" time="118.822" classname="nbc_testcases.TC003_Weather_module_appears_on_HP_and_map_loads"/>
  <testcase name="NbcPage" time="154.163" classname="nbc_testcases.TC003_Weather_module_appears_on_HP_and_map_loads"/>
  <testcase name="NbcPage" time="162.336" classname="nbc_testcases.TC003_Weather_module_appears_on_HP_and_map_loads"/>
  <testcase name="NbcPage" time="114.235" classname="nbc_testcases.TC003_Weather_module_appears_on_HP_and_map_loads"/>
  <testcase name="NbcPage" time="138.315" classname="nbc_testcases.TC003_Weather_module_appears_on_HP_and_map_loads"/>
  <testcase name="NbcPage" time="135.959" classname="nbc_testcases.TC003_Weather_module_appears_on_HP_and_map_loads"/>
</testsuite> <!-- nbc_testcases.TC003_Weather_module_appears_on_HP_and_map_loads -->
