<?xml version="1.0" encoding="UTF-8"?>
<!-- Generated by org.testng.reporters.JUnitReportReporter -->
<testsuite skipped="0" hostname="Tringapps-Admins-MacBook-Pro-2.local" name="nbc_testcases.TC001_Logo_is_clickable" tests="2" failures="0" timestamp="29 Aug 2018 06:43:02 GMT" time="128.595" errors="0">
  <testcase name="NbcPage" time="58.501" classname="nbc_testcases.TC001_Logo_is_clickable"/>
  <testcase name="NbcPage" time="70.094" classname="nbc_testcases.TC001_Logo_is_clickable"/>
</testsuite> <!-- nbc_testcases.TC001_Logo_is_clickable -->
