<?xml version="1.0" encoding="UTF-8"?>
<!-- Generated by org.testng.reporters.JUnitReportReporter -->
<testsuite skipped="0" hostname="Tringapps-Admins-MacBook-Pro-2.local" name="nbc_testcases.TC001_Logo_is_clickable" tests="2" failures="0" timestamp="24 Aug 2018 06:10:01 GMT" time="128.048" errors="0">
  <testcase name="NbcPage" time="71.062" classname="nbc_testcases.TC001_Logo_is_clickable"/>
  <testcase name="NbcPage" time="56.986" classname="nbc_testcases.TC001_Logo_is_clickable"/>
</testsuite> <!-- nbc_testcases.TC001_Logo_is_clickable -->
