<?xml version="1.0" encoding="UTF-8"?>
<!-- Generated by org.testng.reporters.JUnitReportReporter -->
<testsuite skipped="0" hostname="Tringapps-Admins-MacBook-Pro-2.local" name="nbc_testcases.TC006_TVEdropdown_should_have_ON_NOW_On_Demand_Full_Schedule_TV_listings" tests="1" failures="0" timestamp="22 Aug 2018 11:26:58 GMT" time="125.571" errors="0">
  <testcase name="NbcPage" time="125.571" classname="nbc_testcases.TC006_TVEdropdown_should_have_ON_NOW_On_Demand_Full_Schedule_TV_listings"/>
</testsuite> <!-- nbc_testcases.TC006_TVEdropdown_should_have_ON_NOW_On_Demand_Full_Schedule_TV_listings -->
