<?xml version="1.0" encoding="UTF-8"?>
<!-- Generated by org.testng.reporters.JUnitReportReporter -->
<testsuite skipped="0" hostname="Tringapps-Admins-MacBook-Pro-2.local" name="nbc_testcases.TC007_Connect_dropdown_appears" tests="2" failures="0" timestamp="20 Aug 2018 11:20:03 GMT" time="124.718" errors="0">
  <testcase name="NbcPage" time="45.482" classname="nbc_testcases.TC007_Connect_dropdown_appears"/>
  <testcase name="NbcPage" time="79.236" classname="nbc_testcases.TC007_Connect_dropdown_appears"/>
</testsuite> <!-- nbc_testcases.TC007_Connect_dropdown_appears -->
