<?xml version="1.0" encoding="UTF-8"?>
<!-- Generated by org.testng.reporters.JUnitReportReporter -->
<testsuite skipped="2" hostname="Tringapps-Admins-MacBook-Pro-2.local" name="nbc_testcases.TC006_TVEdropdown_should_have_ON_NOW_On_Demand_Full_Schedule_TV_listings" tests="2" failures="0" timestamp="23 Aug 2018 14:04:30 GMT" time="0.000" errors="0">
  <testcase name="NbcPage" time="0.000" classname="nbc_testcases.TC006_TVEdropdown_should_have_ON_NOW_On_Demand_Full_Schedule_TV_listings">
    <skipped/>
  </testcase> <!-- NbcPage -->
  <testcase name="NbcPage" time="0.000" classname="nbc_testcases.TC006_TVEdropdown_should_have_ON_NOW_On_Demand_Full_Schedule_TV_listings">
    <skipped/>
  </testcase> <!-- NbcPage -->
</testsuite> <!-- nbc_testcases.TC006_TVEdropdown_should_have_ON_NOW_On_Demand_Full_Schedule_TV_listings -->
