<?xml version="1.0" encoding="UTF-8"?>
<!-- Generated by org.testng.reporters.JUnitReportReporter -->
<testsuite skipped="1" hostname="Tringapps-Admins-MacBook-Pro-2.local" name="nbc_testcases.TC024_Entertainment_Page_Loads_with_Sub_Nav" tests="1" failures="0" timestamp="01 Oct 2018 07:15:14 GMT" time="0.000" errors="0">
  <testcase name="NbcPage" time="0.000" classname="nbc_testcases.TC024_Entertainment_Page_Loads_with_Sub_Nav">
    <skipped/>
  </testcase> <!-- NbcPage -->
</testsuite> <!-- nbc_testcases.TC024_Entertainment_Page_Loads_with_Sub_Nav -->
