<?xml version="1.0" encoding="UTF-8"?>
<!-- Generated by org.testng.reporters.JUnitReportReporter -->
<testsuite skipped="0" hostname="Tringapps-Admins-MacBook-Pro-2.local" name="nbc_testcases.TC028_Weather_Page_Loads_with_Sub_Nav" tests="1" failures="0" timestamp="01 Oct 2018 10:50:34 GMT" time="155.194" errors="0">
  <testcase name="NbcPage" time="155.194" classname="nbc_testcases.TC028_Weather_Page_Loads_with_Sub_Nav"/>
</testsuite> <!-- nbc_testcases.TC028_Weather_Page_Loads_with_Sub_Nav -->
