<?xml version="1.0" encoding="UTF-8"?>
<!-- Generated by org.testng.reporters.JUnitReportReporter -->
<testsuite skipped="0" hostname="Tringapps-Admins-MacBook-Pro-2.local" name="nbc_testcases.TC001_Logo_is_clickable" tests="1" failures="0" timestamp="28 Aug 2018 09:42:17 GMT" time="51.566" errors="0">
  <testcase name="NbcPage" time="51.566" classname="nbc_testcases.TC001_Logo_is_clickable"/>
</testsuite> <!-- nbc_testcases.TC001_Logo_is_clickable -->
