<?xml version="1.0" encoding="UTF-8"?>
<!-- Generated by org.testng.reporters.JUnitReportReporter -->
<testsuite skipped="0" hostname="Tringapps-Admins-MacBook-Pro-2.local" name="nbc_testcases.TC006_TVEdropdown_should_have_ON_NOW_On_Demand_Full_Schedule_TV_listings" tests="1" failures="0" timestamp="16 Aug 2018 14:37:05 GMT" time="107.003" errors="0">
  <testcase name="NbcPage" time="107.003" classname="nbc_testcases.TC006_TVEdropdown_should_have_ON_NOW_On_Demand_Full_Schedule_TV_listings"/>
</testsuite> <!-- nbc_testcases.TC006_TVEdropdown_should_have_ON_NOW_On_Demand_Full_Schedule_TV_listings -->
