<?xml version="1.0" encoding="UTF-8"?>
<!-- Generated by org.testng.reporters.JUnitReportReporter -->
<testsuite skipped="0" hostname="Tringapps-Admins-MacBook-Pro-2.local" name="nbc_testcases.TC025_Section_SubSections_load_with_out_errors" tests="4" failures="0" timestamp="19 Sep 2018 07:28:56 GMT" time="557.641" errors="0">
  <testcase name="NbcPage" time="52.446" classname="nbc_testcases.TC025_Section_SubSections_load_with_out_errors"/>
  <testcase name="NbcPage" time="346.166" classname="nbc_testcases.TC025_Section_SubSections_load_with_out_errors"/>
  <testcase name="NbcPage" time="41.697" classname="nbc_testcases.TC025_Section_SubSections_load_with_out_errors"/>
  <testcase name="NbcPage" time="117.332" classname="nbc_testcases.TC025_Section_SubSections_load_with_out_errors"/>
</testsuite> <!-- nbc_testcases.TC025_Section_SubSections_load_with_out_errors -->
