<?xml version="1.0" encoding="UTF-8"?>
<!-- Generated by org.testng.reporters.JUnitReportReporter -->
<testsuite skipped="0" hostname="Tringapps-Admins-MacBook-Pro-2.local" name="nbc_testcases.TC002_Top_stories_playback_with_pre_roll" tests="1" failures="0" timestamp="17 Aug 2018 06:54:57 GMT" time="103.605" errors="0">
  <testcase name="NbcPage" time="103.605" classname="nbc_testcases.TC002_Top_stories_playback_with_pre_roll"/>
</testsuite> <!-- nbc_testcases.TC002_Top_stories_playback_with_pre_roll -->
