<?xml version="1.0" encoding="UTF-8"?>
<!-- Generated by org.testng.reporters.JUnitReportReporter -->
<testsuite skipped="0" hostname="Tringapps-Admins-MacBook-Pro-2.local" name="nbc_testcases.TC024_Entertainment_Page_Loads_with_Sub_Nav" tests="4" failures="0" timestamp="18 Sep 2018 13:57:46 GMT" time="583.412" errors="0">
  <testcase name="NbcPage" time="39.866" classname="nbc_testcases.TC024_Entertainment_Page_Loads_with_Sub_Nav"/>
  <testcase name="NbcPage" time="48.796" classname="nbc_testcases.TC024_Entertainment_Page_Loads_with_Sub_Nav"/>
  <testcase name="NbcPage" time="169.544" classname="nbc_testcases.TC024_Entertainment_Page_Loads_with_Sub_Nav"/>
  <testcase name="NbcPage" time="325.206" classname="nbc_testcases.TC024_Entertainment_Page_Loads_with_Sub_Nav"/>
</testsuite> <!-- nbc_testcases.TC024_Entertainment_Page_Loads_with_Sub_Nav -->
