<?xml version="1.0" encoding="UTF-8"?>
<!-- Generated by org.testng.reporters.JUnitReportReporter -->
<testsuite skipped="0" hostname="Tringapps-Admins-MacBook-Pro-2.local" name="nbc_testcases.TC028_Weather_Page_Loads_with_Sub_Nav" tests="2" failures="0" timestamp="28 Sep 2018 10:57:56 GMT" time="255.470" errors="0">
  <testcase name="NbcPage" time="152.909" classname="nbc_testcases.TC028_Weather_Page_Loads_with_Sub_Nav"/>
  <testcase name="NbcPage" time="102.561" classname="nbc_testcases.TC028_Weather_Page_Loads_with_Sub_Nav"/>
</testsuite> <!-- nbc_testcases.TC028_Weather_Page_Loads_with_Sub_Nav -->
