<?xml version="1.0" encoding="UTF-8"?>
<!-- Generated by org.testng.reporters.JUnitReportReporter -->
<testsuite skipped="0" hostname="Tringapps-Admins-MacBook-Pro-2.local" name="nbc_testcases.TC003_Weather_module_appears_on_HP_and_map_loads" tests="2" failures="0" timestamp="20 Aug 2018 11:20:03 GMT" time="226.609" errors="0">
  <testcase name="NbcPage" time="116.839" classname="nbc_testcases.TC003_Weather_module_appears_on_HP_and_map_loads"/>
  <testcase name="NbcPage" time="109.770" classname="nbc_testcases.TC003_Weather_module_appears_on_HP_and_map_loads"/>
</testsuite> <!-- nbc_testcases.TC003_Weather_module_appears_on_HP_and_map_loads -->
