<?xml version="1.0" encoding="UTF-8"?>
<!-- Generated by org.testng.reporters.JUnitReportReporter -->
<testsuite skipped="0" hostname="Tringapps-Admins-MacBook-Pro-2.local" name="nbc_testcases.TC008_Icons_in_connect_dropdown_are_clickable_and_link_out" tests="2" failures="0" timestamp="20 Aug 2018 11:20:03 GMT" time="362.607" errors="1">
  <testcase name="NbcPage" time="211.012" classname="nbc_testcases.TC008_Icons_in_connect_dropdown_are_clickable_and_link_out"/>
  <testcase name="NbcPage" time="151.595" classname="nbc_testcases.TC008_Icons_in_connect_dropdown_are_clickable_and_link_out">
    <error type="java.lang.RuntimeException" message="FAILED">
      <![CDATA[java.lang.RuntimeException: FAILED
at utils.Reporter.reportStep(Reporter.java:34)
at utils.Reporter.reportStep(Reporter.java:44)
at wdMethods.SeMethods.click(SeMethods.java:226)
at nbc_pages.NbcPage.clickconnecttwitter(NbcPage.java:47)
at nbc_testcases.TC008_Icons_in_connect_dropdown_are_clickable_and_link_out.NbcPage(TC008_Icons_in_connect_dropdown_are_clickable_and_link_out.java:27)
at sun.reflect.NativeMethodAccessorImpl.invoke0(Native Method)
at sun.reflect.NativeMethodAccessorImpl.invoke(NativeMethodAccessorImpl.java:62)
at sun.reflect.DelegatingMethodAccessorImpl.invoke(DelegatingMethodAccessorImpl.java:43)
at java.lang.reflect.Method.invoke(Method.java:498)
at org.testng.internal.MethodInvocationHelper.invokeMethod(MethodInvocationHelper.java:124)
at org.testng.internal.Invoker.invokeMethod(Invoker.java:580)
at org.testng.internal.Invoker.invokeTestMethod(Invoker.java:716)
at org.testng.internal.Invoker.invokeTestMethods(Invoker.java:988)
at org.testng.internal.TestMethodWorker.invokeTestMethods(TestMethodWorker.java:125)
at org.testng.internal.TestMethodWorker.run(TestMethodWorker.java:109)
at java.util.concurrent.ThreadPoolExecutor.runWorker(ThreadPoolExecutor.java:1149)
at java.util.concurrent.ThreadPoolExecutor$Worker.run(ThreadPoolExecutor.java:624)
at java.lang.Thread.run(Thread.java:748)
]]>
    </error>
  </testcase> <!-- NbcPage -->
</testsuite> <!-- nbc_testcases.TC008_Icons_in_connect_dropdown_are_clickable_and_link_out -->
