<?xml version="1.0" encoding="UTF-8"?>
<!-- Generated by org.testng.reporters.JUnitReportReporter -->
<testsuite skipped="0" hostname="Tringapps-Admins-MacBook-Pro-2.local" name="nbc_testcases.TC002_Top_stories_playback_with_pre_roll" tests="1" failures="0" timestamp="16 Aug 2018 14:37:05 GMT" time="101.570" errors="0">
  <testcase name="NbcPage" time="101.570" classname="nbc_testcases.TC002_Top_stories_playback_with_pre_roll"/>
</testsuite> <!-- nbc_testcases.TC002_Top_stories_playback_with_pre_roll -->
