<?xml version="1.0" encoding="UTF-8"?>
<!-- Generated by org.testng.reporters.JUnitReportReporter -->
<testsuite skipped="0" hostname="Tringapps-Admins-MacBook-Pro-2.local" name="nbc_testcases.TC005_Watch_live_TVE_dropdown_appears" tests="1" failures="0" timestamp="16 Aug 2018 14:37:05 GMT" time="96.589" errors="0">
  <testcase name="NbcPage" time="96.589" classname="nbc_testcases.TC005_Watch_live_TVE_dropdown_appears"/>
</testsuite> <!-- nbc_testcases.TC005_Watch_live_TVE_dropdown_appears -->
