<?xml version="1.0" encoding="UTF-8"?>
<!-- Generated by org.testng.reporters.JUnitReportReporter -->
<testsuite skipped="0" hostname="Tringapps-Admins-MacBook-Pro-2.local" name="nbc_testcases.TC030_Live_Video_playback_with_pre_roll" tests="1" failures="0" timestamp="01 Oct 2018 10:50:34 GMT" time="38.290" errors="0">
  <testcase name="NbcPage" time="38.290" classname="nbc_testcases.TC030_Live_Video_playback_with_pre_roll"/>
</testsuite> <!-- nbc_testcases.TC030_Live_Video_playback_with_pre_roll -->
