<?xml version="1.0" encoding="UTF-8"?>
<!-- Generated by org.testng.reporters.JUnitReportReporter -->
<testsuite skipped="2" hostname="Tringapps-Admins-MacBook-Pro-2.local" name="nbc_testcases.TC003_Weather_module_appears_on_HP_and_map_loads" tests="2" failures="0" timestamp="23 Aug 2018 14:04:30 GMT" time="0.000" errors="0">
  <testcase name="NbcPage" time="0.000" classname="nbc_testcases.TC003_Weather_module_appears_on_HP_and_map_loads">
    <skipped/>
  </testcase> <!-- NbcPage -->
  <testcase name="NbcPage" time="0.000" classname="nbc_testcases.TC003_Weather_module_appears_on_HP_and_map_loads">
    <skipped/>
  </testcase> <!-- NbcPage -->
</testsuite> <!-- nbc_testcases.TC003_Weather_module_appears_on_HP_and_map_loads -->
