<?xml version="1.0" encoding="UTF-8"?>
<!-- Generated by org.testng.reporters.JUnitReportReporter -->
<testsuite skipped="0" hostname="Tringapps-Admins-MacBook-Pro-2.local" name="nbc_testcases.TC003_Weather_module_appears_on_HP_and_map_loads" tests="1" failures="0" timestamp="13 Aug 2018 05:46:31 GMT" time="103.921" errors="0">
  <testcase name="NbcPage" time="103.921" classname="nbc_testcases.TC003_Weather_module_appears_on_HP_and_map_loads"/>
</testsuite> <!-- nbc_testcases.TC003_Weather_module_appears_on_HP_and_map_loads -->
