<?xml version="1.0" encoding="UTF-8"?>
<!-- Generated by org.testng.reporters.JUnitReportReporter -->
<testsuite skipped="0" hostname="Tringapps-Admins-MacBook-Pro-2.local" name="nbc_testcases.TC008_Icons_in_connect_dropdown_are_clickable_and_link_out" tests="1" failures="0" timestamp="13 Aug 2018 05:46:31 GMT" time="301.138" errors="0">
  <testcase name="NbcPage" time="301.138" classname="nbc_testcases.TC008_Icons_in_connect_dropdown_are_clickable_and_link_out"/>
</testsuite> <!-- nbc_testcases.TC008_Icons_in_connect_dropdown_are_clickable_and_link_out -->
